2019-08-30 16:22:57,449 [0x00002164] <atom.exe>: TRACE SGEPLog.updateEndPointIPC - getEndpointDLPPolicy::EP_NETWORK_STORAGE:: 1
2019-08-30 16:22:57,450 [0x00002164] <atom.exe>: TRACE SGEPLog.updateEndPointIPC - getEndpointDLPPolicy::EP_USB_STORAGE:: 1
2019-08-30 16:22:57,450 [0x00002164] <atom.exe>: TRACE SGEPLog.updateEndPointIPC - getEndpointDLPPolicy::EP_CD_WRITER:: 1
2019-08-30 16:22:57,450 [0x00002164] <atom.exe>: TRACE SGEPLog.updateEndPointIPC - getEndpointDLPPolicy::EP_LOCAL_STORAGE:: 1
2019-08-30 16:22:57,451 [0x00002164] <atom.exe>: TRACE SGEPLog.updateEndPointIPC - getEndpointStatus::forbidEndpoint: 1
2019-08-30 16:22:57,451 [0x00002164] <atom.exe>: TRACE SGEPLog.updateEndPointIPC - getEndpointStatus::connect: 1
2019-08-30 16:22:57,458 [0x00002164] <atom.exe>: TRACE SGEPLog.updateEndPointIPC - getSystemInfo username cairui fullusername RONG360AD.COM\cairui
2019-08-30 16:22:57,486 [0x00002164] <atom.exe>: TRACE SGEPLog.ModuleConfigControler - INFO to updateFromUcscElapse:60
2019-08-30 16:22:57,486 [0x00002164] <atom.exe>: TRACE SGEPLog.ModuleConfigControler - INFO to hookInitElapse: 5
2019-08-30 16:22:57,486 [0x00002164] <atom.exe>: TRACE SGEPLog.ModuleConfigControler - INFO to hookEngineType: 1
2019-08-30 16:22:57,486 [0x00002164] <atom.exe>: TRACE SGEPLog.CjsonParser - internalprocproperty-------empty!!!
2019-08-30 16:22:57,486 [0x00002164] <atom.exe>: TRACE SGEPLog.CHookManager - init--------------------AttachDetoursHook
2019-08-30 16:22:57,486 [0x00002164] <atom.exe>: TRACE SGEPLog.CHookManager - init SKY_HOOKTYPE:1
2019-08-30 16:26:07,819 [0x00002e04] <atom.exe>: TRACE SGEPLog.updateEndPointIPC - getEndpointDLPPolicy::EP_NETWORK_STORAGE:: 1
2019-08-30 16:26:07,819 [0x00002e04] <atom.exe>: TRACE SGEPLog.updateEndPointIPC - getEndpointDLPPolicy::EP_USB_STORAGE:: 1
2019-08-30 16:26:07,820 [0x00002e04] <atom.exe>: TRACE SGEPLog.updateEndPointIPC - getEndpointDLPPolicy::EP_CD_WRITER:: 1
2019-08-30 16:26:07,820 [0x00002e04] <atom.exe>: TRACE SGEPLog.updateEndPointIPC - getEndpointDLPPolicy::EP_LOCAL_STORAGE:: 1
2019-08-30 16:26:07,820 [0x00002e04] <atom.exe>: TRACE SGEPLog.updateEndPointIPC - getEndpointStatus::forbidEndpoint: 1
2019-08-30 16:26:07,820 [0x00002e04] <atom.exe>: TRACE SGEPLog.updateEndPointIPC - getEndpointStatus::connect: 0
2019-08-30 16:26:07,821 [0x00002e04] <atom.exe>: TRACE SGEPLog.updateEndPointIPC - getSystemInfo username cairui fullusername RONG360AD.COM\cairui
2019-08-30 16:26:07,823 [0x00002e04] <atom.exe>: TRACE SGEPLog.ModuleConfigControler - INFO to updateFromUcscElapse:60
2019-08-30 16:26:07,823 [0x00002e04] <atom.exe>: TRACE SGEPLog.ModuleConfigControler - INFO to hookInitElapse: 5
2019-08-30 16:26:07,823 [0x00002e04] <atom.exe>: TRACE SGEPLog.ModuleConfigControler - INFO to hookEngineType: 1
2019-08-30 16:26:07,823 [0x00002e04] <atom.exe>: TRACE SGEPLog.CjsonParser - internalprocproperty-------empty!!!
2019-08-30 16:26:07,824 [0x00002e04] <atom.exe>: TRACE SGEPLog.CHookManager - init--------------------AttachDetoursHook
2019-08-30 16:26:07,824 [0x00002e04] <atom.exe>: TRACE SGEPLog.CHookManager - init SKY_HOOKTYPE:1
